<?xml version="1.0" encoding="UTF-8"?>
<robot generator="Robot 5.0 (Python 3.9.11 on darwin)" generated="20220408 08:17:18.243" rpa="false" schemaversion="3">
<suite id="s1" name="Navigation" source="/Users/sakthirb/PycharmProjects/Seleniumproject/TestCases/navigation.robot">
<test id="s1-t1" name="navigationtest" line="5">
<kw name="Open Browser" library="SeleniumLibrary">
<arg>https://www.google.com/</arg>
<arg>Chrome</arg>
<doc>Opens a new browser instance to the optional ``url``.</doc>
<msg timestamp="20220408 08:17:18.377" level="INFO">Opening browser 'Chrome' to base url 'https://www.google.com/'.</msg>
<status status="PASS" starttime="20220408 08:17:18.377" endtime="20220408 08:17:21.224"/>
</kw>
<kw name="Maximize Browser Window" library="SeleniumLibrary">
<doc>Maximizes current browser window.</doc>
<status status="PASS" starttime="20220408 08:17:21.225" endtime="20220408 08:17:21.355"/>
</kw>
<kw name="Get Location" library="SeleniumLibrary">
<var>${loc}</var>
<doc>Returns the current browser window URL.</doc>
<msg timestamp="20220408 08:17:21.358" level="INFO">${loc} = https://www.google.com/</msg>
<status status="PASS" starttime="20220408 08:17:21.355" endtime="20220408 08:17:21.358"/>
</kw>
<kw name="Log To Console" library="BuiltIn">
<arg>${loc}</arg>
<doc>Logs the given message to the console.</doc>
<status status="PASS" starttime="20220408 08:17:21.358" endtime="20220408 08:17:21.358"/>
</kw>
<kw name="Go To" library="SeleniumLibrary">
<arg>https://www.bing.com/</arg>
<doc>Navigates the current browser window to the provided ``url``.</doc>
<msg timestamp="20220408 08:17:21.359" level="INFO">Opening url 'https://www.bing.com/'</msg>
<status status="PASS" starttime="20220408 08:17:21.359" endtime="20220408 08:17:21.697"/>
</kw>
<kw name="Get Location" library="SeleniumLibrary">
<var>${loc}</var>
<doc>Returns the current browser window URL.</doc>
<msg timestamp="20220408 08:17:21.708" level="INFO">${loc} = https://www.bing.com/</msg>
<status status="PASS" starttime="20220408 08:17:21.697" endtime="20220408 08:17:21.708"/>
</kw>
<kw name="Log To Console" library="BuiltIn">
<arg>${loc}</arg>
<doc>Logs the given message to the console.</doc>
<status status="PASS" starttime="20220408 08:17:21.708" endtime="20220408 08:17:21.708"/>
</kw>
<kw name="Go Back" library="SeleniumLibrary">
<doc>Simulates the user clicking the back button on their browser.</doc>
<status status="PASS" starttime="20220408 08:17:21.708" endtime="20220408 08:17:22.179"/>
</kw>
<kw name="Get Location" library="SeleniumLibrary">
<var>${loc}</var>
<doc>Returns the current browser window URL.</doc>
<msg timestamp="20220408 08:17:22.183" level="INFO">${loc} = https://www.google.com/</msg>
<status status="PASS" starttime="20220408 08:17:22.179" endtime="20220408 08:17:22.183"/>
</kw>
<kw name="Log To Console" library="BuiltIn">
<arg>${loc}</arg>
<doc>Logs the given message to the console.</doc>
<status status="PASS" starttime="20220408 08:17:22.183" endtime="20220408 08:17:22.183"/>
</kw>
<kw name="Close Window" library="SeleniumLibrary">
<doc>Closes currently opened and selected browser window/tab.</doc>
<status status="PASS" starttime="20220408 08:17:22.183" endtime="20220408 08:17:22.307"/>
</kw>
<status status="PASS" starttime="20220408 08:17:18.376" endtime="20220408 08:17:22.307"/>
</test>
<status status="PASS" starttime="20220408 08:17:18.244" endtime="20220408 08:17:22.308"/>
</suite>
<statistics>
<total>
<stat pass="1" fail="0" skip="0">All Tests</stat>
</total>
<tag>
</tag>
<suite>
<stat pass="1" fail="0" skip="0" id="s1" name="Navigation">Navigation</stat>
</suite>
</statistics>
<errors>
</errors>
</robot>
