<?xml version="1.0" encoding="UTF-8"?>
<robot generator="Robot 5.0 (Python 3.9.11 on darwin)" generated="20220412 22:52:15.884" rpa="false" schemaversion="3">
<suite id="s1" name="Drpdwn" source="/Users/sakthirb/OneDrive/Github/Robot-FrameWork/Seleniumproject/TestCases/drpdwn.robot">
<test id="s1-t1" name="dropdownlist" line="9">
<kw name="Open Browser" library="SeleniumLibrary">
<arg>${url}</arg>
<arg>${browser}</arg>
<doc>Opens a new browser instance to the optional ``url``.</doc>
<msg timestamp="20220412 22:52:16.089" level="INFO">Opening browser 'Chrome' to base url 'https://testpages.herokuapp.com/styled/basic-html-form-test.html'.</msg>
<status status="PASS" starttime="20220412 22:52:16.089" endtime="20220412 22:52:18.794"/>
</kw>
<kw name="Maximize Browser Window" library="SeleniumLibrary">
<doc>Maximizes current browser window.</doc>
<status status="PASS" starttime="20220412 22:52:18.794" endtime="20220412 22:52:18.932"/>
</kw>
<kw name="Select From List By Label" library="SeleniumLibrary">
<arg>dropdown</arg>
<arg>Drop Down Item 3</arg>
<doc>Selects options from selection list ``locator`` by ``labels``.</doc>
<msg timestamp="20220412 22:52:18.932" level="INFO">Selecting options from selection list 'dropdown' by label Drop Down Item 3.</msg>
<status status="PASS" starttime="20220412 22:52:18.932" endtime="20220412 22:52:18.967"/>
</kw>
<status status="PASS" starttime="20220412 22:52:16.088" endtime="20220412 22:52:18.967"/>
</test>
<status status="PASS" starttime="20220412 22:52:15.886" endtime="20220412 22:52:18.968"/>
</suite>
<statistics>
<total>
<stat pass="1" fail="0" skip="0">All Tests</stat>
</total>
<tag>
</tag>
<suite>
<stat pass="1" fail="0" skip="0" id="s1" name="Drpdwn">Drpdwn</stat>
</suite>
</statistics>
<errors>
</errors>
</robot>
